Green tick done
Green tick done
Green tick done
Green tick done
Green tick done
Green tick done
Green tick done
Green tick 1 on Sun Jul 20 18:19:46 UTC 2025
Green tick 2 on Sun Jul 20 18:19:47 UTC 2025
Green tick 3 on Sun Jul 20 18:19:47 UTC 2025
Green tick 4 on Sun Jul 20 18:19:48 UTC 2025
Green tick 5 on Sun Jul 20 18:19:48 UTC 2025
Green tick 6 on Sun Jul 20 18:19:49 UTC 2025
Green tick 7 on Sun Jul 20 18:19:49 UTC 2025
Green tick 1 on Mon Jul 21 08:30:52 UTC 2025
Green tick 1 on Tue Jul 22 08:28:44 UTC 2025
Green tick 2 on Tue Jul 22 08:28:44 UTC 2025
Green tick 1 on Wed Jul 23 08:28:48 UTC 2025
Green tick 2 on Wed Jul 23 08:28:48 UTC 2025
Green tick 3 on Wed Jul 23 08:28:49 UTC 2025
Green tick 1 on Thu Jul 24 08:28:03 UTC 2025
Green tick 2 on Thu Jul 24 08:28:04 UTC 2025
Green tick 3 on Thu Jul 24 08:28:05 UTC 2025
Green tick 4 on Thu Jul 24 08:28:06 UTC 2025
Green tick 1 on Fri Jul 25 08:27:01 UTC 2025
Green tick 2 on Fri Jul 25 08:27:02 UTC 2025
Green tick 3 on Fri Jul 25 08:27:03 UTC 2025
Green tick 4 on Fri Jul 25 08:27:03 UTC 2025
Green tick 5 on Fri Jul 25 08:27:04 UTC 2025
Green tick 1 on Sat Jul 26 08:24:30 UTC 2025
Green tick 2 on Sat Jul 26 08:24:31 UTC 2025
Green tick 3 on Sat Jul 26 08:24:31 UTC 2025
Green tick 4 on Sat Jul 26 08:24:32 UTC 2025
Green tick 5 on Sat Jul 26 08:24:33 UTC 2025
Green tick 6 on Sat Jul 26 08:24:33 UTC 2025
Green tick 1 on Sun Jul 27 08:24:25 UTC 2025
Green tick 2 on Sun Jul 27 08:24:26 UTC 2025
Green tick 3 on Sun Jul 27 08:24:27 UTC 2025
Green tick 4 on Sun Jul 27 08:24:28 UTC 2025
Green tick 5 on Sun Jul 27 08:24:28 UTC 2025
Green tick 6 on Sun Jul 27 08:24:29 UTC 2025
Green tick 7 on Sun Jul 27 08:24:30 UTC 2025
